<?xml version="1.0" encoding="UTF-8"?>
<!-- Generated by org.testng.reporters.JUnitReportReporter -->
<testsuite hostname="VAISEKAR-M-W8MH" failures="0" tests="5" name="postman.verify_post_get_put_del" time="8.385" errors="0" timestamp="2023-05-22T17:41:17 IST" skipped="0">
  <testcase classname="postman.verify_post_get_put_del" name="createResource" time="2.834"/>
  <system-out/>
  <testcase classname="postman.verify_post_get_put_del" name="getResourceInfo" time="1.404"/>
  <system-out/>
  <testcase classname="postman.verify_post_get_put_del" name="updateResource" time="1.479"/>
  <system-out/>
  <testcase classname="postman.verify_post_get_put_del" name="verifyResourceUpdated" time="1.324"/>
  <system-out/>
  <testcase classname="postman.verify_post_get_put_del" name="deleteResource" time="1.344"/>
  <system-out/>
</testsuite> <!-- postman.verify_post_get_put_del -->
